<?xml version="1.0" encoding="utf-8"?><testsuites name="pytest tests"><testsuite name="pytest" errors="0" failures="0" skipped="0" tests="5" time="1.346" timestamp="2026-02-24T05:57:56.442838+00:00" hostname="agent-env-6793b086-dd33-4aef-9b97-b23b8c0652d7"><testcase classname="backend.tests.test_live_view_styling.TestLiveViewStyling" name="test_health_check" time="0.252" /><testcase classname="backend.tests.test_live_view_styling.TestLiveViewStyling" name="test_get_league_data_returns_website_style" time="0.107" /><testcase classname="backend.tests.test_live_view_styling.TestLiveViewStyling" name="test_save_live_view_colors" time="0.364" /><testcase classname="backend.tests.test_live_view_styling.TestLiveViewStyling" name="test_live_view_colors_preserved_on_update" time="0.341" /><testcase classname="backend.tests.test_live_view_styling.TestLiveViewStyling" name="test_restore_default_colors" time="0.232" /></testsuite></testsuites>