<?xml version="1.0" encoding="utf-8"?><testsuites name="pytest tests"><testsuite name="pytest" errors="0" failures="0" skipped="0" tests="11" time="5.019" timestamp="2026-02-14T15:22:07.901548+00:00" hostname="agent-env-eaf3cec9-5798-4f02-8413-dfbafe67d09f"><testcase classname="backend.tests.test_design_templates_partial_update.TestDesignTemplatesPartialUpdate" name="test_get_templates_returns_templates" time="0.188" /><testcase classname="backend.tests.test_design_templates_partial_update.TestDesignTemplatesPartialUpdate" name="test_post_create_new_template" time="0.230" /><testcase classname="backend.tests.test_design_templates_partial_update.TestDesignTemplatesPartialUpdate" name="test_partial_update_visibleToUsers_preserves_style" time="0.855" /><testcase classname="backend.tests.test_design_templates_partial_update.TestDesignTemplatesPartialUpdate" name="test_partial_update_inRotation_preserves_style" time="0.471" /><testcase classname="backend.tests.test_design_templates_partial_update.TestDesignTemplatesPartialUpdate" name="test_update_with_style_updates_style" time="0.888" /><testcase classname="backend.tests.test_design_templates_partial_update.TestDesignTemplatesPartialUpdate" name="test_update_name_preserves_style" time="0.582" /><testcase classname="backend.tests.test_design_templates_partial_update.TestDesignTemplatesPartialUpdate" name="test_update_nonexistent_template_returns_404" time="0.115" /><testcase classname="backend.tests.test_design_templates_partial_update.TestDesignTemplatesPartialUpdate" name="test_delete_template" time="0.464" /><testcase classname="backend.tests.test_design_templates_partial_update.TestDesignTemplatesPartialUpdate" name="test_delete_nonexistent_template_returns_404" time="0.226" /><testcase classname="backend.tests.test_design_templates_partial_update.TestDesignTemplatesPartialUpdate" name="test_existing_templates_have_style_intact" time="0.134" /><testcase classname="backend.tests.test_design_templates_partial_update.TestDesignTemplatesMultiplePartialUpdates" name="test_sequential_partial_updates_preserve_style" time="0.808" /></testsuite></testsuites>