<?xml version="1.0" encoding="utf-8"?><testsuites name="pytest tests"><testsuite name="pytest" errors="0" failures="0" skipped="0" tests="11" time="0.702" timestamp="2026-02-11T04:12:33.554544+00:00" hostname="agent-env-746b6924-2718-4df5-a5a7-9717e2d7f7cb"><testcase classname="backend.tests.test_sponsors_coaches.TestSponsorsAPI" name="test_get_league_sponsors_empty" time="0.082" /><testcase classname="backend.tests.test_sponsors_coaches.TestSponsorsAPI" name="test_create_sponsor_league_level" time="0.052" /><testcase classname="backend.tests.test_sponsors_coaches.TestSponsorsAPI" name="test_get_league_sponsors_after_create" time="0.044" /><testcase classname="backend.tests.test_sponsors_coaches.TestSponsorsAPI" name="test_update_sponsor" time="0.041" /><testcase classname="backend.tests.test_sponsors_coaches.TestSponsorsAPI" name="test_create_team_sponsor" time="0.041" /><testcase classname="backend.tests.test_sponsors_coaches.TestSponsorsAPI" name="test_get_team_sponsors" time="0.045" /><testcase classname="backend.tests.test_sponsors_coaches.TestSponsorsAPI" name="test_delete_sponsor" time="0.119" /><testcase classname="backend.tests.test_sponsors_coaches.TestSponsorsAPI" name="test_delete_nonexistent_sponsor" time="0.040" /><testcase classname="backend.tests.test_sponsors_coaches.TestCoachesAPI" name="test_get_team_coaches" time="0.045" /><testcase classname="backend.tests.test_sponsors_coaches.TestCoachesAPI" name="test_get_all_coaches" time="0.039" /><testcase classname="backend.tests.test_sponsors_coaches.TestCleanup" name="test_cleanup_test_sponsors" time="0.082" /></testsuite></testsuites>