<?xml version="1.0" encoding="utf-8"?><testsuites name="pytest tests"><testsuite name="pytest" errors="0" failures="0" skipped="0" tests="12" time="14.640" timestamp="2026-02-10T03:00:33.506387+00:00" hostname="agent-env-746b6924-2718-4df5-a5a7-9717e2d7f7cb"><testcase classname="tests.test_help_docs_email.TestHealthEndpoint" name="test_health_endpoint" time="0.063" /><testcase classname="tests.test_help_docs_email.TestJoinRequestEmailNotifications" name="test_get_team_public_info_eagles" time="0.045" /><testcase classname="tests.test_help_docs_email.TestJoinRequestEmailNotifications" name="test_submit_join_request" time="3.219" /><testcase classname="tests.test_help_docs_email.TestJoinRequestEmailNotifications" name="test_get_pending_requests" time="0.041" /><testcase classname="tests.test_help_docs_email.TestJoinRequestEmailNotifications" name="test_duplicate_request_prevention" time="3.289" /><testcase classname="tests.test_help_docs_email.TestJoinRequestEmailNotifications" name="test_approve_request_creates_player" time="3.829" /><testcase classname="tests.test_help_docs_email.TestJoinRequestEmailNotifications" name="test_reject_request" time="3.877" /><testcase classname="tests.test_help_docs_email.TestDashboardAndTeams" name="test_dashboard_data" time="0.058" /><testcase classname="tests.test_help_docs_email.TestDashboardAndTeams" name="test_team_players_endpoint" time="0.039" /><testcase classname="tests.test_help_docs_email.TestValidation" name="test_join_request_requires_name" time="0.040" /><testcase classname="tests.test_help_docs_email.TestValidation" name="test_join_request_requires_email" time="0.041" /><testcase classname="tests.test_help_docs_email.TestValidation" name="test_invalid_team_returns_404" time="0.039" /></testsuite></testsuites>