<?xml version="1.0" encoding="utf-8"?><testsuites name="pytest tests"><testsuite name="pytest" errors="0" failures="0" skipped="1" tests="9" time="0.870" timestamp="2026-02-12T17:03:57.414943+00:00" hostname="agent-env-04051e56-38d9-4313-a22a-b2b25fbe93ca"><testcase classname="tests.test_lacrosse_stats.TestBackendHealthAndData" name="test_health_endpoint" time="0.119" /><testcase classname="tests.test_lacrosse_stats.TestBackendHealthAndData" name="test_league_data_has_teams" time="0.059" /><testcase classname="tests.test_lacrosse_stats.TestTeamPlayerStats" name="test_team_player_stats_endpoint_exists" time="0.094" /><testcase classname="tests.test_lacrosse_stats.TestTeamPlayerStats" name="test_player_stats_structure_includes_faceoffs_and_groundballs" time="0.088" /><testcase classname="tests.test_lacrosse_stats.TestPlayerStatsByYear" name="test_player_stats_by_year_endpoint_exists" time="0.102" /><testcase classname="tests.test_lacrosse_stats.TestPlayerStatsByYear" name="test_stats_by_year_structure_includes_faceoffs" time="0.097" /><testcase classname="tests.test_lacrosse_stats.TestGameStatsWithLacrosseFields" name="test_game_stats_post_endpoint" time="0.101" /><testcase classname="tests.test_lacrosse_stats.TestGameStatsWithLacrosseFields" name="test_get_game_stats_returns_lacrosse_fields" time="0.090" /><testcase classname="tests.test_lacrosse_stats.TestUpdatePlayerStats" name="test_update_player_stats_with_lacrosse_fields" time="0.052"><skipped type="pytest.skip" message="No player available for testing">/app/backend/tests/test_lacrosse_stats.py:246: No player available for testing</skipped></testcase></testsuite></testsuites>