<?xml version="1.0" encoding="utf-8"?><testsuites name="pytest tests"><testsuite name="pytest" errors="0" failures="1" skipped="0" tests="14" time="36.097" timestamp="2026-02-13T13:39:41.700798+00:00" hostname="agent-env-04051e56-38d9-4313-a22a-b2b25fbe93ca"><testcase classname="backend.tests.test_recruiting_module.TestTeamRegistration" name="test_create_team_registration_pending" time="3.500" /><testcase classname="backend.tests.test_recruiting_module.TestTeamRegistration" name="test_approve_team_registration_creates_team_and_coach" time="4.032" /><testcase classname="backend.tests.test_recruiting_module.TestTeamRegistration" name="test_reject_team_registration" time="3.743"><failure message="AssertionError: Rejected registration should not create team&#10;assert 'created_team_id' not in {'created_team_id': None, 'status': 'success'}">backend/tests/test_recruiting_module.py:183: in test_reject_team_registration
    assert "created_team_id" not in reject_data, "Rejected registration should not create team"
E   AssertionError: Rejected registration should not create team
E   assert 'created_team_id' not in {'created_team_id': None, 'status': 'success'}</failure></testcase><testcase classname="backend.tests.test_recruiting_module.TestPlayerApplication" name="test_create_player_application_pending" time="3.938" /><testcase classname="backend.tests.test_recruiting_module.TestPlayerApplication" name="test_approve_player_application_creates_user_adds_to_team" time="3.559" /><testcase classname="backend.tests.test_recruiting_module.TestPlayerApplication" name="test_get_applications_filtered_by_team_id" time="7.245" /><testcase classname="backend.tests.test_recruiting_module.TestPlayerApplication" name="test_reject_player_application" time="3.565" /><testcase classname="backend.tests.test_recruiting_module.TestGetRegistrationsAndApplications" name="test_get_all_registrations" time="0.164" /><testcase classname="backend.tests.test_recruiting_module.TestGetRegistrationsAndApplications" name="test_get_registrations_filtered_by_status" time="0.117" /><testcase classname="backend.tests.test_recruiting_module.TestGetRegistrationsAndApplications" name="test_get_all_applications" time="0.107" /><testcase classname="backend.tests.test_recruiting_module.TestEdgeCases" name="test_duplicate_pending_team_registration" time="3.445" /><testcase classname="backend.tests.test_recruiting_module.TestEdgeCases" name="test_player_application_invalid_team" time="0.123" /><testcase classname="backend.tests.test_recruiting_module.TestEdgeCases" name="test_update_nonexistent_registration" time="0.147" /><testcase classname="backend.tests.test_recruiting_module.TestEdgeCases" name="test_update_nonexistent_application" time="2.303" /></testsuite></testsuites>