<?xml version="1.0" encoding="utf-8"?><testsuites name="pytest tests"><testsuite name="pytest" errors="0" failures="0" skipped="0" tests="13" time="3.396" timestamp="2026-02-13T15:23:06.070680+00:00" hostname="agent-env-04051e56-38d9-4313-a22a-b2b25fbe93ca"><testcase classname="tests.test_documents_module.TestDocumentsConfigEndpoints" name="test_get_league_level_config" time="0.371" /><testcase classname="tests.test_documents_module.TestDocumentsConfigEndpoints" name="test_get_team_level_config_with_team_id" time="0.157" /><testcase classname="tests.test_documents_module.TestDocumentsConfigEndpoints" name="test_get_team_level_config_nonexistent_team" time="0.142" /><testcase classname="tests.test_documents_module.TestDocumentsConfigEndpoints" name="test_post_config_requires_team_id" time="0.183" /><testcase classname="tests.test_documents_module.TestDocumentsConfigEndpoints" name="test_post_config_requires_valid_provider" time="0.143" /><testcase classname="tests.test_documents_module.TestDocumentsConfigEndpoints" name="test_post_config_saves_google_drive_config" time="0.790" /><testcase classname="tests.test_documents_module.TestDocumentsConfigEndpoints" name="test_post_config_saves_onedrive_config" time="0.680" /><testcase classname="tests.test_documents_module.TestDocumentsFilesEndpoints" name="test_get_files_no_storage_configured" time="0.113" /><testcase classname="tests.test_documents_module.TestDocumentsFilesEndpoints" name="test_get_files_returns_expected_structure" time="0.241" /><testcase classname="tests.test_documents_module.TestDocumentsFoldersEndpoints" name="test_create_folder_validates_name_required" time="0.129" /><testcase classname="tests.test_documents_module.TestDocumentsFoldersEndpoints" name="test_create_folder_validates_storage_configured" time="0.116" /><testcase classname="tests.test_documents_module.TestDocumentsDeleteEndpoint" name="test_delete_validates_storage_configured" time="0.148" /><testcase classname="tests.test_documents_module.TestDocumentsApiHealth" name="test_api_health" time="0.114" /></testsuite></testsuites>