<?xml version="1.0" encoding="utf-8"?><testsuites name="pytest tests"><testsuite name="pytest" errors="0" failures="0" skipped="1" tests="8" time="0.623" timestamp="2026-02-11T21:29:16.172788+00:00" hostname="agent-env-04051e56-38d9-4313-a22a-b2b25fbe93ca"><testcase classname="tests.test_iteration22.TestGroupMeChannelCRUD" name="test_create_channel_with_existing_bot_id" time="0.176" /><testcase classname="tests.test_iteration22.TestGroupMeChannelCRUD" name="test_list_groupme_channels" time="0.039" /><testcase classname="tests.test_iteration22.TestGroupMeChannelCRUD" name="test_create_and_delete_channel" time="0.134" /><testcase classname="tests.test_iteration22.TestGroupMeChannelCRUD" name="test_create_channel_with_team_type_requires_team" time="0.041" /><testcase classname="tests.test_iteration22.TestGroupMeDashboard" name="test_dashboard_stats" time="0.040"><skipped type="pytest.skip" message="Dashboard stats timed out (520) - known intermittent issue">/app/backend/tests/test_iteration22.py:152: Dashboard stats timed out (520) - known intermittent issue</skipped></testcase><testcase classname="tests.test_iteration22.TestGroupMeGroupsEndpoint" name="test_groups_endpoint_without_credentials" time="0.038" /><testcase classname="tests.test_iteration22.TestHealthAndBasicEndpoints" name="test_health_endpoint" time="0.041" /><testcase classname="tests.test_iteration22.TestHealthAndBasicEndpoints" name="test_league_data_endpoint" time="0.057" /></testsuite></testsuites>