<?xml version="1.0" encoding="utf-8"?><testsuites name="pytest tests"><testsuite name="pytest" errors="0" failures="0" skipped="0" tests="28" time="41.350" timestamp="2026-02-11T14:47:48.367177+00:00" hostname="agent-env-7e68b55c-a78c-4c2c-b374-b3c5f389b07f"><testcase classname="backend.tests.test_joinus.TestJoinUsTeamRegistration" name="test_submit_team_registration_success" time="3.387" /><testcase classname="backend.tests.test_joinus.TestJoinUsTeamRegistration" name="test_submit_team_registration_required_fields_only" time="3.494" /><testcase classname="backend.tests.test_joinus.TestJoinUsTeamRegistration" name="test_duplicate_team_registration_blocked" time="3.400" /><testcase classname="backend.tests.test_joinus.TestJoinUsTeamRegistration" name="test_get_all_team_registrations" time="0.039" /><testcase classname="backend.tests.test_joinus.TestJoinUsTeamRegistration" name="test_get_team_registrations_by_status" time="0.045" /><testcase classname="backend.tests.test_joinus.TestJoinUsPlayerApplication" name="test_submit_player_application_success" time="3.472" /><testcase classname="backend.tests.test_joinus.TestJoinUsPlayerApplication" name="test_submit_player_application_required_fields_only" time="3.543" /><testcase classname="backend.tests.test_joinus.TestJoinUsPlayerApplication" name="test_player_application_invalid_team" time="0.084" /><testcase classname="backend.tests.test_joinus.TestJoinUsPlayerApplication" name="test_duplicate_player_application_blocked" time="3.355" /><testcase classname="backend.tests.test_joinus.TestJoinUsPlayerApplication" name="test_get_all_player_applications" time="0.044" /><testcase classname="backend.tests.test_joinus.TestJoinUsPlayerApplication" name="test_get_player_applications_by_team" time="0.041" /><testcase classname="backend.tests.test_joinus.TestJoinUsVolunteerSignup" name="test_submit_volunteer_signup_success" time="3.316" /><testcase classname="backend.tests.test_joinus.TestJoinUsVolunteerSignup" name="test_submit_volunteer_signup_required_fields_only" time="3.342" /><testcase classname="backend.tests.test_joinus.TestJoinUsVolunteerSignup" name="test_duplicate_volunteer_signup_blocked" time="3.300" /><testcase classname="backend.tests.test_joinus.TestJoinUsVolunteerSignup" name="test_get_all_volunteer_signups" time="0.043" /><testcase classname="backend.tests.test_joinus.TestJoinUsVolunteerSignup" name="test_get_volunteer_signups_by_status" time="0.083" /><testcase classname="backend.tests.test_joinus.TestJoinUsNotifications" name="test_get_notifications_for_user" time="0.041" /><testcase classname="backend.tests.test_joinus.TestJoinUsNotifications" name="test_get_unread_notification_count" time="0.039" /><testcase classname="backend.tests.test_joinus.TestJoinUsNotifications" name="test_mark_notification_read_nonexistent" time="0.045" /><testcase classname="backend.tests.test_joinus.TestJoinUsNotifications" name="test_mark_all_notifications_read" time="0.040" /><testcase classname="backend.tests.test_joinus.TestJoinUsNotifications" name="test_delete_notification_nonexistent" time="0.043" /><testcase classname="backend.tests.test_joinus.TestJoinUsAdminOperations" name="test_update_team_registration_status" time="3.411" /><testcase classname="backend.tests.test_joinus.TestJoinUsAdminOperations" name="test_update_nonexistent_registration" time="0.042" /><testcase classname="backend.tests.test_joinus.TestJoinUsAdminOperations" name="test_update_player_application_status" time="3.248" /><testcase classname="backend.tests.test_joinus.TestJoinUsAdminOperations" name="test_update_volunteer_signup_status" time="3.229" /><testcase classname="backend.tests.test_joinus.TestZCleanup" name="test_z_cleanup_test_registrations" time="0.042" /><testcase classname="backend.tests.test_joinus.TestZCleanup" name="test_z_cleanup_test_applications" time="0.046" /><testcase classname="backend.tests.test_joinus.TestZCleanup" name="test_z_cleanup_test_volunteers" time="0.040" /></testsuite></testsuites>