<?xml version="1.0" encoding="utf-8"?><testsuites name="pytest tests"><testsuite name="pytest" errors="0" failures="0" skipped="0" tests="14" time="0.947" timestamp="2026-01-22T22:16:49.679672+00:00" hostname="agent-env-5949862d-1961-4b3f-bec6-df92f0bc4548"><testcase classname="tests.test_new_features.TestGoogleOAuth" name="test_google_login_creates_new_user" time="0.057" /><testcase classname="tests.test_new_features.TestGoogleOAuth" name="test_google_login_existing_user" time="0.078" /><testcase classname="tests.test_new_features.TestGoogleOAuth" name="test_google_login_missing_fields" time="0.042" /><testcase classname="tests.test_new_features.TestOneClickRSVP" name="test_quick_rsvp_one_click_yes" time="0.040" /><testcase classname="tests.test_new_features.TestOneClickRSVP" name="test_quick_rsvp_one_click_no" time="0.048" /><testcase classname="tests.test_new_features.TestOneClickRSVP" name="test_quick_rsvp_one_click_maybe" time="0.040" /><testcase classname="tests.test_new_features.TestOneClickRSVP" name="test_quick_rsvp_with_email" time="0.042" /><testcase classname="tests.test_new_features.TestOneClickRSVP" name="test_quick_rsvp_quick_form_source" time="0.042" /><testcase classname="tests.test_new_features.TestMultiSportSupport" name="test_update_sport_type_lacrosse" time="0.088" /><testcase classname="tests.test_new_features.TestMultiSportSupport" name="test_update_sport_type_hockey" time="0.078" /><testcase classname="tests.test_new_features.TestMultiSportSupport" name="test_update_sport_type_soccer" time="0.094" /><testcase classname="tests.test_new_features.TestMultiSportSupport" name="test_update_sport_type_volleyball" time="0.087" /><testcase classname="tests.test_new_features.TestMultiSportSupport" name="test_sport_type_persists_with_other_settings" time="0.114" /><testcase classname="tests.test_new_features.TestUserLogin" name="test_admin_login" time="0.041" /></testsuite></testsuites>