<?xml version="1.0" encoding="utf-8"?><testsuites name="pytest tests"><testsuite name="pytest" errors="0" failures="0" skipped="0" tests="8" time="1.383" timestamp="2026-02-15T23:02:08.176922+00:00" hostname="agent-env-1b17d93d-96a8-43c7-8a55-2446a048024d"><testcase classname="tests.test_event_popup_galleries.TestGalleriesNewAPI" name="test_galleries_new_endpoint_returns_200" time="0.171" /><testcase classname="tests.test_event_popup_galleries.TestGalleriesNewAPI" name="test_galleries_new_active_endpoint_returns_200" time="0.143" /><testcase classname="tests.test_event_popup_galleries.TestUnifiedEventsAPI" name="test_unified_events_endpoint_returns_200" time="0.153" /><testcase classname="tests.test_event_popup_galleries.TestUnifiedEventsAPI" name="test_dashboard_data_returns_events" time="0.262" /><testcase classname="tests.test_event_popup_galleries.TestEventDataForPopup" name="test_events_have_popup_required_fields" time="0.136" /><testcase classname="tests.test_event_popup_galleries.TestEventDataForPopup" name="test_events_with_scores_have_proper_structure" time="0.167" /><testcase classname="tests.test_event_popup_galleries.TestHealthAndBasicEndpoints" name="test_health_endpoint" time="0.161" /><testcase classname="tests.test_event_popup_galleries.TestHealthAndBasicEndpoints" name="test_dashboard_data_endpoint" time="0.129" /></testsuite></testsuites>