<?xml version="1.0" encoding="utf-8"?><testsuites name="pytest tests"><testsuite name="pytest" errors="0" failures="0" skipped="0" tests="15" time="1.390" timestamp="2026-01-09T22:34:59.169255+00:00" hostname="agent-env-1cc7793f-44a8-40d3-8cfd-9edc59762403"><testcase classname="tests.test_finance_api.TestFinanceCategories" name="test_get_categories" time="0.077" /><testcase classname="tests.test_finance_api.TestFinanceTransactions" name="test_create_income_transaction" time="0.105" /><testcase classname="tests.test_finance_api.TestFinanceTransactions" name="test_create_expense_transaction" time="0.087" /><testcase classname="tests.test_finance_api.TestFinanceTransactions" name="test_create_transaction_missing_required_fields" time="0.042" /><testcase classname="tests.test_finance_api.TestFinanceTransactions" name="test_create_transaction_invalid_type" time="0.036" /><testcase classname="tests.test_finance_api.TestFinanceTransactions" name="test_get_transactions_for_team" time="0.119" /><testcase classname="tests.test_finance_api.TestFinanceTransactions" name="test_get_transactions_with_type_filter" time="0.240" /><testcase classname="tests.test_finance_api.TestFinanceTransactions" name="test_update_transaction" time="0.162" /><testcase classname="tests.test_finance_api.TestFinanceTransactions" name="test_update_nonexistent_transaction" time="0.038" /><testcase classname="tests.test_finance_api.TestFinanceTransactions" name="test_delete_transaction" time="0.128" /><testcase classname="tests.test_finance_api.TestFinanceTransactions" name="test_delete_nonexistent_transaction" time="0.037" /><testcase classname="tests.test_finance_api.TestTeamFinanceSummary" name="test_get_team_summary" time="0.077" /><testcase classname="tests.test_finance_api.TestTeamFinanceSummary" name="test_get_team_summary_empty_team" time="0.038" /><testcase classname="tests.test_finance_api.TestLeagueFinanceSummary" name="test_get_league_summary" time="0.038" /><testcase classname="tests.test_finance_api.TestLeagueLevelTransactions" name="test_create_league_level_transaction" time="0.076" /></testsuite></testsuites>