<?xml version="1.0" encoding="utf-8"?><testsuites name="pytest tests"><testsuite name="pytest" errors="0" failures="0" skipped="0" tests="14" time="1.286" timestamp="2026-02-24T06:46:45.073062+00:00" hostname="agent-env-6793b086-dd33-4aef-9b97-b23b8c0652d7"><testcase classname="tests.test_email_client_bugfix.TestEmailClientEndpoints" name="test_health_check" time="0.248" /><testcase classname="tests.test_email_client_bugfix.TestEmailClientEndpoints" name="test_folders_endpoint_returns_404_for_nonexistent_account" time="0.114" /><testcase classname="tests.test_email_client_bugfix.TestEmailClientEndpoints" name="test_messages_endpoint_returns_404_for_nonexistent_account" time="0.106" /><testcase classname="tests.test_email_client_bugfix.TestEmailClientEndpoints" name="test_messages_endpoint_drafts_folder_404_for_nonexistent_account" time="0.113" /><testcase classname="tests.test_email_client_bugfix.TestEmailClientEndpoints" name="test_messages_endpoint_trash_folder_404_for_nonexistent_account" time="0.118" /><testcase classname="tests.test_email_client_bugfix.TestEmailClientEndpoints" name="test_get_accounts_returns_empty_for_unknown_user" time="0.106" /><testcase classname="tests.test_email_client_bugfix.TestEmailClientEndpoints" name="test_providers_endpoint" time="0.102" /><testcase classname="tests.test_email_client_bugfix.TestEmailClientCodeReview" name="test_folder_alternatives_constant_exists" time="0.316" /><testcase classname="tests.test_email_client_bugfix.TestEmailClientCodeReview" name="test_resolve_folder_function_exists" time="0.000" /><testcase classname="tests.test_email_client_bugfix.TestEmailClientCodeReview" name="test_connect_imap_function_exists" time="0.000" /><testcase classname="tests.test_email_client_bugfix.TestEmailClientCodeReview" name="test_provider_presets_constant_exists" time="0.000" /><testcase classname="tests.test_email_client_bugfix.TestFrontendCodeReview" name="test_frontend_serializes_folder_and_message_loading" time="0.000" /><testcase classname="tests.test_email_client_bugfix.TestFrontendCodeReview" name="test_frontend_loadmessages_handles_non_ok_response" time="0.000" /><testcase classname="tests.test_email_client_bugfix.TestFrontendCodeReview" name="test_frontend_loadfolders_fallback_to_inbox" time="0.000" /></testsuite></testsuites>