<?xml version="1.0" encoding="utf-8"?><testsuites name="pytest tests"><testsuite name="pytest" errors="0" failures="0" skipped="0" tests="7" time="1.729" timestamp="2026-02-21T10:29:15.366906+00:00" hostname="agent-env-80be0744-ed10-4378-a935-906057a642a0"><testcase classname="backend.tests.test_ticker_config.TestTickerConfigEndpoints" name="test_health_check" time="0.195" /><testcase classname="backend.tests.test_ticker_config.TestTickerConfigEndpoints" name="test_get_ticker_config" time="0.103" /><testcase classname="backend.tests.test_ticker_config.TestTickerConfigEndpoints" name="test_post_ticker_config_updates_practices_filter" time="0.406" /><testcase classname="backend.tests.test_ticker_config.TestTickerConfigEndpoints" name="test_post_ticker_config_lookback_lookforward" time="0.445" /><testcase classname="backend.tests.test_ticker_config.TestUnifiedEventsForTicker" name="test_unified_events_contains_practices" time="0.104" /><testcase classname="backend.tests.test_ticker_config.TestFilterPersistenceWorkflow" name="test_practices_filter_set_to_false" time="0.208" /><testcase classname="backend.tests.test_ticker_config.TestFilterPersistenceWorkflow" name="test_practices_filter_set_to_true" time="0.205" /></testsuite></testsuites>