<?xml version="1.0" encoding="utf-8"?><testsuites name="pytest tests"><testsuite name="pytest" errors="0" failures="1" skipped="0" tests="24" time="1.289" timestamp="2026-01-09T19:38:28.317261+00:00" hostname="agent-env-2c5c46b0-08d9-4cd3-9bcd-d78c665a817a"><testcase classname="tests.test_roster_management.TestRosterManagementAPIs" name="test_01_health_check" time="0.061"><failure message="requests.exceptions.JSONDecodeError: Expecting value: line 1 column 1 (char 0)">/root/.venv/lib/python3.11/site-packages/requests/models.py:976: in json
    return complexjson.loads(self.text, **kwargs)
           ^^^^^^^^^^^^^^^^^^^^^^^^^^^^^^^^^^^^^^
/usr/local/lib/python3.11/json/__init__.py:346: in loads
    return _default_decoder.decode(s)
           ^^^^^^^^^^^^^^^^^^^^^^^^^^
/usr/local/lib/python3.11/json/decoder.py:337: in decode
    obj, end = self.raw_decode(s, idx=_w(s, 0).end())
               ^^^^^^^^^^^^^^^^^^^^^^^^^^^^^^^^^^^^^^
/usr/local/lib/python3.11/json/decoder.py:355: in raw_decode
    raise JSONDecodeError("Expecting value", s, err.value) from None
E   json.decoder.JSONDecodeError: Expecting value: line 1 column 1 (char 0)

During handling of the above exception, another exception occurred:
tests/test_roster_management.py:33: in test_01_health_check
    data = response.json()
           ^^^^^^^^^^^^^^^
/root/.venv/lib/python3.11/site-packages/requests/models.py:980: in json
    raise RequestsJSONDecodeError(e.msg, e.doc, e.pos)
E   requests.exceptions.JSONDecodeError: Expecting value: line 1 column 1 (char 0)</failure></testcase><testcase classname="tests.test_roster_management.TestRosterManagementAPIs" name="test_02_login" time="0.050" /><testcase classname="tests.test_roster_management.TestRosterManagementAPIs" name="test_03_get_team_players_eagles" time="0.044" /><testcase classname="tests.test_roster_management.TestRosterManagementAPIs" name="test_04_get_team_players_lions" time="0.041" /><testcase classname="tests.test_roster_management.TestRosterManagementAPIs" name="test_05_get_team_players_hawks" time="0.039" /><testcase classname="tests.test_roster_management.TestRosterManagementAPIs" name="test_06_get_team_players_tigers" time="0.080" /><testcase classname="tests.test_roster_management.TestRosterManagementAPIs" name="test_07_get_available_users" time="0.042" /><testcase classname="tests.test_roster_management.TestRosterManagementAPIs" name="test_08_add_player_missing_userid" time="0.046" /><testcase classname="tests.test_roster_management.TestRosterManagementAPIs" name="test_09_add_player_invalid_user" time="0.042" /><testcase classname="tests.test_roster_management.TestRosterManagementAPIs" name="test_10_add_player_invalid_team" time="0.054" /><testcase classname="tests.test_roster_management.TestRosterManagementAPIs" name="test_11_remove_player_missing_userid" time="0.042" /><testcase classname="tests.test_roster_management.TestRosterManagementAPIs" name="test_12_remove_player_invalid_user" time="0.036" /><testcase classname="tests.test_roster_management.TestRosterManagementAPIs" name="test_13_update_player_missing_userid" time="0.036" /><testcase classname="tests.test_roster_management.TestRosterManagementAPIs" name="test_14_update_player_invalid_user" time="0.036" /><testcase classname="tests.test_roster_management.TestRosterManagementWorkflow" name="test_01_find_user_not_on_tigers" time="0.049" /><testcase classname="tests.test_roster_management.TestRosterManagementWorkflow" name="test_02_add_player_to_tigers" time="0.083" /><testcase classname="tests.test_roster_management.TestRosterManagementWorkflow" name="test_03_verify_player_added" time="0.052" /><testcase classname="tests.test_roster_management.TestRosterManagementWorkflow" name="test_04_add_duplicate_player_fails" time="0.078" /><testcase classname="tests.test_roster_management.TestRosterManagementWorkflow" name="test_05_update_player_on_tigers" time="0.047" /><testcase classname="tests.test_roster_management.TestRosterManagementWorkflow" name="test_06_verify_player_updated" time="0.038" /><testcase classname="tests.test_roster_management.TestRosterManagementWorkflow" name="test_07_remove_player_from_tigers" time="0.036" /><testcase classname="tests.test_roster_management.TestRosterManagementWorkflow" name="test_08_verify_player_removed" time="0.038" /><testcase classname="tests.test_roster_management.TestRosterManagementWorkflow" name="test_09_remove_player_not_on_team_fails" time="0.038" /><testcase classname="tests.test_roster_management.TestRosterManagementWorkflow" name="test_10_update_player_not_on_team_fails" time="0.037" /></testsuite></testsuites>