<?xml version="1.0" encoding="utf-8"?><testsuites name="pytest tests"><testsuite name="pytest" errors="0" failures="0" skipped="0" tests="13" time="1.784" timestamp="2026-01-27T01:07:48.965907+00:00" hostname="agent-env-9e5be323-caae-45f3-8fab-1f14ef2944ba"><testcase classname="tests.test_join_team_and_recurring_events.TestJoinTeamPublicEndpoints" name="test_get_team_public_info_success" time="0.108" /><testcase classname="tests.test_join_team_and_recurring_events.TestJoinTeamPublicEndpoints" name="test_get_team_public_info_not_found" time="0.039" /><testcase classname="tests.test_join_team_and_recurring_events.TestJoinTeamPublicEndpoints" name="test_submit_join_request_success" time="0.082" /><testcase classname="tests.test_join_team_and_recurring_events.TestJoinTeamPublicEndpoints" name="test_submit_join_request_missing_name" time="0.039" /><testcase classname="tests.test_join_team_and_recurring_events.TestJoinTeamPublicEndpoints" name="test_submit_join_request_missing_email" time="0.042" /><testcase classname="tests.test_join_team_and_recurring_events.TestJoinTeamPublicEndpoints" name="test_submit_join_request_invalid_team" time="0.038" /><testcase classname="tests.test_join_team_and_recurring_events.TestJoinRequestsAdminEndpoint" name="test_get_team_join_requests" time="0.080" /><testcase classname="tests.test_join_team_and_recurring_events.TestRecurringEventsWeekly" name="test_create_weekly_recurring_events" time="0.259" /><testcase classname="tests.test_join_team_and_recurring_events.TestRecurringEventsDaily" name="test_create_daily_recurring_events" time="0.215" /><testcase classname="tests.test_join_team_and_recurring_events.TestRecurringEventsBiweekly" name="test_create_biweekly_recurring_events" time="0.214" /><testcase classname="tests.test_join_team_and_recurring_events.TestRecurringEventsMonthly" name="test_create_monthly_recurring_events" time="0.246" /><testcase classname="tests.test_join_team_and_recurring_events.TestRecurringEventsEndDate" name="test_create_recurring_events_with_end_date" time="0.255" /><testcase classname="tests.test_join_team_and_recurring_events.TestNonRecurringEvent" name="test_create_single_event" time="0.086" /></testsuite></testsuites>