<?xml version="1.0" encoding="utf-8"?><testsuites name="pytest tests"><testsuite name="pytest" errors="0" failures="0" skipped="0" tests="13" time="0.687" timestamp="2026-01-13T06:02:08.580809+00:00" hostname="agent-env-5949862d-1961-4b3f-bec6-df92f0bc4548"><testcase classname="tests.test_cleanup_api.TestCleanupDatabaseStats" name="test_database_stats_returns_200" time="0.058" /><testcase classname="tests.test_cleanup_api.TestCleanupDatabaseStats" name="test_database_stats_structure" time="0.037" /><testcase classname="tests.test_cleanup_api.TestCleanupTeamPlayerSources" name="test_player_sources_returns_200" time="0.036" /><testcase classname="tests.test_cleanup_api.TestCleanupTeamPlayerSources" name="test_player_sources_structure" time="0.048" /><testcase classname="tests.test_cleanup_api.TestCleanupTeamPlayerSources" name="test_player_sources_nonexistent_team" time="0.037" /><testcase classname="tests.test_cleanup_api.TestCleanupClearAllPlayers" name="test_clear_players_preview_mode" time="0.039" /><testcase classname="tests.test_cleanup_api.TestCleanupOrphanedPlayersPreview" name="test_orphaned_preview_returns_200" time="0.079" /><testcase classname="tests.test_cleanup_api.TestCleanupOrphanedPlayersPreview" name="test_orphaned_preview_structure" time="0.044" /><testcase classname="tests.test_cleanup_api.TestCleanupOrphanedPlayersClean" name="test_clean_orphaned_returns_200" time="0.037" /><testcase classname="tests.test_cleanup_api.TestCleanupOrphanedPlayersClean" name="test_clean_orphaned_structure" time="0.036" /><testcase classname="tests.test_cleanup_api.TestCleanupHealthAlerts" name="test_get_health_alert_settings" time="0.036" /><testcase classname="tests.test_cleanup_api.TestCleanupHealthAlerts" name="test_update_health_alert_settings" time="0.073" /><testcase classname="tests.test_cleanup_api.TestLeagueDataForTeams" name="test_league_data_returns_teams" time="0.047" /></testsuite></testsuites>