<?xml version="1.0" encoding="utf-8"?><testsuites name="pytest tests"><testsuite name="pytest" errors="0" failures="0" skipped="1" tests="8" time="17.969" timestamp="2026-02-15T21:20:10.016593+00:00" hostname="agent-env-1b17d93d-96a8-43c7-8a55-2446a048024d"><testcase classname="backend.tests.test_join_team_coach_role.TestJoinTeamPublicEndpoints" name="test_get_team_public_info" time="0.217" /><testcase classname="backend.tests.test_join_team_coach_role.TestJoinTeamPublicEndpoints" name="test_submit_player_join_request" time="3.426" /><testcase classname="backend.tests.test_join_team_coach_role.TestJoinTeamPublicEndpoints" name="test_submit_coach_join_request" time="3.390" /><testcase classname="backend.tests.test_join_team_coach_role.TestJoinTeamPublicEndpoints" name="test_join_request_validates_required_fields" time="0.379" /><testcase classname="backend.tests.test_join_team_coach_role.TestJoinTeamPublicEndpoints" name="test_duplicate_pending_request_rejected" time="3.386" /><testcase classname="backend.tests.test_join_team_coach_role.TestTeamRequestsEndpoints" name="test_get_team_join_requests" time="0.150"><skipped type="pytest.skip" message="Authentication failed - skipping authenticated tests">/app/backend/tests/test_join_team_coach_role.py:147: Authentication failed - skipping authenticated tests</skipped></testcase><testcase classname="backend.tests.test_join_team_coach_role.TestJoinRequestDataPersistence" name="test_player_request_saves_role" time="3.474" /><testcase classname="backend.tests.test_join_team_coach_role.TestJoinRequestDataPersistence" name="test_coach_request_saves_role_and_experience" time="3.482" /></testsuite></testsuites>