<?xml version="1.0" encoding="utf-8"?><testsuites name="pytest tests"><testsuite name="pytest" errors="0" failures="0" skipped="0" tests="10" time="0.823" timestamp="2026-02-11T13:32:16.946716+00:00" hostname="agent-env-746b6924-2718-4df5-a5a7-9717e2d7f7cb"><testcase classname="tests.test_locations.TestLocationsAPI" name="test_get_locations_for_team" time="0.101" /><testcase classname="tests.test_locations.TestLocationsAPI" name="test_get_locations_without_team_id" time="0.044" /><testcase classname="tests.test_locations.TestLocationsAPI" name="test_create_location_for_team" time="0.087" /><testcase classname="tests.test_locations.TestLocationsAPI" name="test_create_location_with_all_fields" time="0.044" /><testcase classname="tests.test_locations.TestLocationsAPI" name="test_update_location" time="0.121" /><testcase classname="tests.test_locations.TestLocationsAPI" name="test_update_nonexistent_location" time="0.043" /><testcase classname="tests.test_locations.TestLocationsAPI" name="test_delete_location" time="0.120" /><testcase classname="tests.test_locations.TestLocationsAPI" name="test_delete_nonexistent_location" time="0.040" /><testcase classname="tests.test_locations.TestLocationsAPI" name="test_z_cleanup_test_locations" time="0.121" /><testcase classname="tests.test_locations.TestExistingLocations" name="test_eagles_has_existing_locations" time="0.037" /></testsuite></testsuites>