<?xml version="1.0" encoding="utf-8"?><testsuites name="pytest tests"><testsuite name="pytest" errors="0" failures="0" skipped="0" tests="9" time="1.130" timestamp="2026-01-29T22:39:52.277074+00:00" hostname="agent-env-51744f33-0d4c-4dbb-8cef-e9330c7e6020"><testcase classname="backend.tests.test_payment_features.TestPaymentEndpoint" name="test_payment_endpoint_accepts_payment_method_cash" time="0.167" /><testcase classname="backend.tests.test_payment_features.TestPaymentEndpoint" name="test_payment_endpoint_accepts_check_number" time="0.131" /><testcase classname="backend.tests.test_payment_features.TestPaymentEndpoint" name="test_payment_method_venmo" time="0.119" /><testcase classname="backend.tests.test_payment_features.TestPaymentEndpoint" name="test_payment_method_paypal" time="0.132" /><testcase classname="backend.tests.test_payment_features.TestPaymentEndpoint" name="test_payment_method_zelle" time="0.122" /><testcase classname="backend.tests.test_payment_features.TestPaymentEndpoint" name="test_payment_method_other" time="0.125" /><testcase classname="backend.tests.test_payment_features.TestPaymentEndpoint" name="test_payment_persists_method_and_check_number" time="0.147" /><testcase classname="backend.tests.test_payment_features.TestTeamEndpoints" name="test_get_league_data" time="0.049" /><testcase classname="backend.tests.test_payment_features.TestTeamEndpoints" name="test_get_team_players" time="0.088" /></testsuite></testsuites>