<?xml version="1.0" encoding="utf-8"?><testsuites name="pytest tests"><testsuite name="pytest" errors="0" failures="0" skipped="0" tests="17" time="1.072" timestamp="2026-02-06T22:28:33.860123+00:00" hostname="agent-env-eef9f3f6-b100-443d-86ea-1de59a1b539f"><testcase classname="backend.tests.test_divisions_crud.TestDivisionsAPI" name="test_get_divisions_returns_200" time="0.083" /><testcase classname="backend.tests.test_divisions_crud.TestDivisionsAPI" name="test_get_divisions_returns_list" time="0.044" /><testcase classname="backend.tests.test_divisions_crud.TestDivisionsAPI" name="test_get_divisions_have_required_fields" time="0.037" /><testcase classname="backend.tests.test_divisions_crud.TestDivisionsAPI" name="test_get_divisions_no_mongodb_id" time="0.040" /><testcase classname="backend.tests.test_divisions_crud.TestDivisionsAPI" name="test_create_division_success" time="0.051" /><testcase classname="backend.tests.test_divisions_crud.TestDivisionsAPI" name="test_create_division_with_all_fields" time="0.051" /><testcase classname="backend.tests.test_divisions_crud.TestDivisionsAPI" name="test_create_division_requires_name" time="0.035" /><testcase classname="backend.tests.test_divisions_crud.TestDivisionsAPI" name="test_create_division_duplicate_name_fails" time="0.087" /><testcase classname="backend.tests.test_divisions_crud.TestDivisionsAPI" name="test_create_division_and_verify_in_list" time="0.132" /><testcase classname="backend.tests.test_divisions_crud.TestDivisionsAPI" name="test_update_division_success" time="0.103" /><testcase classname="backend.tests.test_divisions_crud.TestDivisionsAPI" name="test_update_division_persists_changes" time="0.075" /><testcase classname="backend.tests.test_divisions_crud.TestDivisionsAPI" name="test_update_nonexistent_division_returns_404" time="0.032" /><testcase classname="backend.tests.test_divisions_crud.TestDivisionsAPI" name="test_delete_division_success" time="0.042" /><testcase classname="backend.tests.test_divisions_crud.TestDivisionsAPI" name="test_delete_division_removes_from_list" time="0.070" /><testcase classname="backend.tests.test_divisions_crud.TestDivisionsAPI" name="test_delete_nonexistent_division_returns_404" time="0.035" /><testcase classname="backend.tests.test_divisions_crud.TestDivisionsAPI" name="test_division_with_teams_cannot_be_deleted" time="0.040" /><testcase classname="backend.tests.test_divisions_crud.TestTeamManagerDivisionsIntegration" name="test_divisions_endpoint_accessible" time="0.044" /></testsuite></testsuites>