<?xml version="1.0" encoding="utf-8"?><testsuites name="pytest tests"><testsuite name="pytest" errors="0" failures="3" skipped="0" tests="19" time="1.323" timestamp="2026-01-10T08:06:15.178968+00:00" hostname="agent-env-8373e586-2050-4c43-81aa-1abb3fc7cc01"><testcase classname="tests.test_auth_and_finance.TestHealthAndBasicEndpoints" name="test_api_root" time="0.076" /><testcase classname="tests.test_auth_and_finance.TestHealthAndBasicEndpoints" name="test_dashboard_data" time="0.055" /><testcase classname="tests.test_auth_and_finance.TestHealthAndBasicEndpoints" name="test_league_data" time="0.052" /><testcase classname="tests.test_auth_and_finance.TestUserAuthentication" name="test_login_success" time="0.034" /><testcase classname="tests.test_auth_and_finance.TestUserAuthentication" name="test_login_invalid_credentials" time="0.040" /><testcase classname="tests.test_auth_and_finance.TestUserAuthentication" name="test_login_missing_fields" time="0.036" /><testcase classname="tests.test_auth_and_finance.TestUserAuthentication" name="test_get_users" time="0.036" /><testcase classname="tests.test_auth_and_finance.TestFinanceEndpoints" name="test_get_finance_categories" time="0.036" /><testcase classname="tests.test_auth_and_finance.TestFinanceEndpoints" name="test_get_team_transactions" time="0.090" /><testcase classname="tests.test_auth_and_finance.TestFinanceEndpoints" name="test_create_transaction" time="0.165" /><testcase classname="tests.test_auth_and_finance.TestFinanceEndpoints" name="test_transaction_validation" time="0.037" /><testcase classname="tests.test_auth_and_finance.TestFinanceEndpoints" name="test_get_team_finance_summary" time="0.088" /><testcase classname="tests.test_auth_and_finance.TestFinanceEndpoints" name="test_get_league_finance_summary" time="0.038" /><testcase classname="tests.test_auth_and_finance.TestTeamEndpoints" name="test_get_teams" time="0.052" /><testcase classname="tests.test_auth_and_finance.TestTeamEndpoints" name="test_get_team_players" time="0.090"><failure message="AssertionError: assert 'players' in [{'assists': 0, 'email': 'test@example.com', 'funFacts': 'Started playing lacrosse at age 8. Won state championship twice!', 'goals': 0, ...}, {'assists': 0, 'email': 'nick@email.com', 'funFacts': None, 'goals': 0, ...}, {'assists': 0, 'email': 'player@eagles.com', 'funFacts': None, 'goals': 0, ...}]">tests/test_auth_and_finance.py:287: in test_get_team_players
    assert "players" in data
E   AssertionError: assert 'players' in [{'assists': 0, 'email': 'test@example.com', 'funFacts': 'Started playing lacrosse at age 8. Won state championship twice!', 'goals': 0, ...}, {'assists': 0, 'email': 'nick@email.com', 'funFacts': None, 'goals': 0, ...}, {'assists': 0, 'email': 'player@eagles.com', 'funFacts': None, 'goals': 0, ...}]</failure></testcase><testcase classname="tests.test_auth_and_finance.TestUserDefaultLandingPage" name="test_set_default_landing_page" time="0.122" /><testcase classname="tests.test_auth_and_finance.TestLocationsEndpoints" name="test_get_locations" time="0.039"><failure message="AssertionError: assert 'locations' in [{'address': '456 New St', 'createdAt': '2025-10-01T04:15:58.120796', 'id': '407a8efd-5354-4bbb-beb8-cdc823f1ae2a', 'indoor': False, ...}, {'address': '789 Test Ave Updated', 'createdAt': '2025-10-01T04:16:50.734988', 'id': '6d3f6936-a11f-41ce-80dd-e914ae2a603c', 'name': 'Updated Test Field', ...}]">tests/test_auth_and_finance.py:354: in test_get_locations
    assert "locations" in data
E   AssertionError: assert 'locations' in [{'address': '456 New St', 'createdAt': '2025-10-01T04:15:58.120796', 'id': '407a8efd-5354-4bbb-beb8-cdc823f1ae2a', 'indoor': False, ...}, {'address': '789 Test Ave Updated', 'createdAt': '2025-10-01T04:16:50.734988', 'id': '6d3f6936-a11f-41ce-80dd-e914ae2a603c', 'name': 'Updated Test Field', ...}]</failure></testcase><testcase classname="tests.test_auth_and_finance.TestLocationsEndpoints" name="test_get_team_locations" time="0.084"><failure message="AssertionError: assert 'locations' in [{'address': '456 New St', 'createdAt': '2025-10-01T04:15:58.120796', 'id': '407a8efd-5354-4bbb-beb8-cdc823f1ae2a', 'indoor': False, ...}, {'address': '789 Test Ave Updated', 'createdAt': '2025-10-01T04:16:50.734988', 'id': '6d3f6936-a11f-41ce-80dd-e914ae2a603c', 'name': 'Updated Test Field', ...}]">tests/test_auth_and_finance.py:371: in test_get_team_locations
    assert "locations" in data
E   AssertionError: assert 'locations' in [{'address': '456 New St', 'createdAt': '2025-10-01T04:15:58.120796', 'id': '407a8efd-5354-4bbb-beb8-cdc823f1ae2a', 'indoor': False, ...}, {'address': '789 Test Ave Updated', 'createdAt': '2025-10-01T04:16:50.734988', 'id': '6d3f6936-a11f-41ce-80dd-e914ae2a603c', 'name': 'Updated Test Field', ...}]</failure></testcase><testcase classname="tests.test_auth_and_finance.TestUnifiedEventsEndpoints" name="test_get_unified_events" time="0.044" /></testsuite></testsuites>