<?xml version="1.0" encoding="utf-8"?><testsuites name="pytest tests"><testsuite name="pytest" errors="0" failures="3" skipped="0" tests="11" time="0.780" timestamp="2026-02-11T16:49:50.313836+00:00" hostname="agent-env-7e68b55c-a78c-4c2c-b374-b3c5f389b07f"><testcase classname="backend.tests.test_iteration21.TestUnifiedEventsEndpoint" name="test_create_event_via_unified_events" time="0.114" /><testcase classname="backend.tests.test_iteration21.TestUnifiedEventsEndpoint" name="test_get_unified_events" time="0.050" /><testcase classname="backend.tests.test_iteration21.TestUnifiedEventsEndpoint" name="test_unified_events_with_team_filter" time="0.050" /><testcase classname="backend.tests.test_iteration21.TestGroupMeChannelsAPI" name="test_get_groupme_channels" time="0.041" /><testcase classname="backend.tests.test_iteration21.TestGroupMeChannelsAPI" name="test_groupme_dashboard_stats" time="0.042"><failure message="assert 520 == 200&#10; +  where 520 = &lt;Response [520]&gt;.status_code">backend/tests/test_iteration21.py:63: in test_groupme_dashboard_stats
    assert response.status_code == 200
E   assert 520 == 200
E    +  where 520 = &lt;Response [520]&gt;.status_code</failure></testcase><testcase classname="backend.tests.test_iteration21.TestGroupMeChannelsAPI" name="test_create_channel_without_groupme_config" time="0.040"><failure message="assert 520 in [400, 500, 422]&#10; +  where 520 = &lt;Response [520]&gt;.status_code">backend/tests/test_iteration21.py:81: in test_create_channel_without_groupme_config
    assert response.status_code in [400, 500, 422]
E   assert 520 in [400, 500, 422]
E    +  where 520 = &lt;Response [520]&gt;.status_code</failure></testcase><testcase classname="backend.tests.test_iteration21.TestLeagueDataAPI" name="test_get_league_data" time="0.049" /><testcase classname="backend.tests.test_iteration21.TestLeagueDataAPI" name="test_get_teams_endpoint" time="0.043"><failure message="assert 404 == 200&#10; +  where 404 = &lt;Response [404]&gt;.status_code">backend/tests/test_iteration21.py:103: in test_get_teams_endpoint
    assert response.status_code == 200
E   assert 404 == 200
E    +  where 404 = &lt;Response [404]&gt;.status_code</failure></testcase><testcase classname="backend.tests.test_iteration21.TestHealthAndBasicEndpoints" name="test_health_endpoint" time="0.040" /><testcase classname="backend.tests.test_iteration21.TestHealthAndBasicEndpoints" name="test_frontend_accessible" time="0.044" /><testcase classname="backend.tests.test_iteration21.TestCleanup" name="test_cleanup_test_events" time="0.178" /></testsuite></testsuites>