<?xml version="1.0" encoding="utf-8"?><testsuites name="pytest tests"><testsuite name="pytest" errors="0" failures="0" skipped="0" tests="10" time="1.332" timestamp="2026-02-05T04:32:44.566125+00:00" hostname="agent-env-eef9f3f6-b100-443d-86ea-1de59a1b539f"><testcase classname="backend.tests.test_external_teams_and_settings.TestExternalTeamsFilter" name="test_dashboard_data_returns_teams" time="0.134" /><testcase classname="backend.tests.test_external_teams_and_settings.TestExternalTeamsFilter" name="test_dashboard_teams_have_required_fields" time="0.077" /><testcase classname="backend.tests.test_external_teams_and_settings.TestExternalTeamsFilter" name="test_no_external_teams_in_dashboard" time="0.065" /><testcase classname="backend.tests.test_external_teams_and_settings.TestExternalTeamsFilter" name="test_league_data_returns_teams" time="0.056" /><testcase classname="backend.tests.test_external_teams_and_settings.TestTeamSettingsUpdate" name="test_get_single_team" time="0.111" /><testcase classname="backend.tests.test_external_teams_and_settings.TestTeamSettingsUpdate" name="test_update_team_style_colors" time="0.110" /><testcase classname="backend.tests.test_external_teams_and_settings.TestTeamSettingsUpdate" name="test_update_team_style_persists" time="0.169" /><testcase classname="backend.tests.test_external_teams_and_settings.TestTeamSettingsUpdate" name="test_update_team_color_reflects_in_teams_collection" time="0.182" /><testcase classname="backend.tests.test_external_teams_and_settings.TestTeamSettingsUpdate" name="test_get_nonexistent_team_returns_404" time="0.043" /><testcase classname="backend.tests.test_external_teams_and_settings.TestTeamSettingsRefresh" name="test_multiple_updates_persist_correctly" time="0.310" /></testsuite></testsuites>