<?xml version="1.0" encoding="utf-8"?><testsuites name="pytest tests"><testsuite name="pytest" errors="0" failures="0" skipped="0" tests="13" time="1.092" timestamp="2026-01-25T21:48:57.394437+00:00" hostname="agent-env-8470a043-0bc6-4061-a877-b7d8deffb86e"><testcase classname="backend.tests.test_team_admin_hub.TestTeamPlayersEndpoint" name="test_get_team_players_returns_list" time="0.112" /><testcase classname="backend.tests.test_team_admin_hub.TestTeamPlayersEndpoint" name="test_get_team_players_has_payment_fields" time="0.051" /><testcase classname="backend.tests.test_team_admin_hub.TestTeamPlayersEndpoint" name="test_get_team_players_has_availability_field" time="0.043" /><testcase classname="backend.tests.test_team_admin_hub.TestTeamPlayersEndpoint" name="test_get_team_players_has_basic_fields" time="0.043" /><testcase classname="backend.tests.test_team_admin_hub.TestPaymentUpdateEndpoint" name="test_update_payment_status_to_paid" time="0.087" /><testcase classname="backend.tests.test_team_admin_hub.TestPaymentUpdateEndpoint" name="test_update_payment_status_to_partial" time="0.086" /><testcase classname="backend.tests.test_team_admin_hub.TestPaymentUpdateEndpoint" name="test_update_payment_status_to_unpaid" time="0.085" /><testcase classname="backend.tests.test_team_admin_hub.TestPaymentUpdateEndpoint" name="test_update_payment_invalid_player" time="0.044" /><testcase classname="backend.tests.test_team_admin_hub.TestAvailabilityUpdateEndpoint" name="test_update_availability_to_active" time="0.085" /><testcase classname="backend.tests.test_team_admin_hub.TestAvailabilityUpdateEndpoint" name="test_update_availability_to_injured" time="0.090" /><testcase classname="backend.tests.test_team_admin_hub.TestAvailabilityUpdateEndpoint" name="test_update_availability_to_leave" time="0.085" /><testcase classname="backend.tests.test_team_admin_hub.TestAvailabilityUpdateEndpoint" name="test_update_availability_to_inactive" time="0.083" /><testcase classname="backend.tests.test_team_admin_hub.TestCleanup" name="test_reset_test_player_data" time="0.127" /></testsuite></testsuites>