<?xml version="1.0" encoding="utf-8"?><testsuites name="pytest tests"><testsuite name="pytest" errors="0" failures="0" skipped="3" tests="11" time="0.712" timestamp="2026-02-11T16:54:26.452805+00:00" hostname="agent-env-7e68b55c-a78c-4c2c-b374-b3c5f389b07f"><testcase classname="backend.tests.test_iteration21.TestUnifiedEventsEndpoint" name="test_create_event_via_unified_events" time="0.122" /><testcase classname="backend.tests.test_iteration21.TestUnifiedEventsEndpoint" name="test_get_unified_events" time="0.054" /><testcase classname="backend.tests.test_iteration21.TestUnifiedEventsEndpoint" name="test_unified_events_with_team_filter" time="0.049" /><testcase classname="backend.tests.test_iteration21.TestGroupMeChannelsAPI" name="test_get_groupme_channels" time="0.042" /><testcase classname="backend.tests.test_iteration21.TestGroupMeChannelsAPI" name="test_groupme_dashboard_stats" time="0.045"><skipped type="pytest.skip" message="Skipping due to status 520">/app/backend/tests/test_iteration21.py:71: Skipping due to status 520</skipped></testcase><testcase classname="backend.tests.test_iteration21.TestGroupMeChannelsAPI" name="test_create_channel_without_groupme_config" time="0.042"><skipped type="pytest.skip" message="Skipping due to Cloudflare timeout">/app/backend/tests/test_iteration21.py:89: Skipping due to Cloudflare timeout</skipped></testcase><testcase classname="backend.tests.test_iteration21.TestLeagueDataAPI" name="test_get_league_data" time="0.059" /><testcase classname="backend.tests.test_iteration21.TestLeagueDataAPI" name="test_get_teams_endpoint" time="0.039"><skipped type="pytest.skip" message="Teams endpoint not available - use league-data">/app/backend/tests/test_iteration21.py:120: Teams endpoint not available - use league-data</skipped></testcase><testcase classname="backend.tests.test_iteration21.TestHealthAndBasicEndpoints" name="test_health_endpoint" time="0.039" /><testcase classname="backend.tests.test_iteration21.TestHealthAndBasicEndpoints" name="test_frontend_accessible" time="0.043" /><testcase classname="backend.tests.test_iteration21.TestCleanup" name="test_cleanup_test_events" time="0.099" /></testsuite></testsuites>