<?xml version="1.0" encoding="utf-8"?><testsuites name="pytest tests"><testsuite name="pytest" errors="0" failures="0" skipped="0" tests="15" time="2.101" timestamp="2026-02-09T23:23:34.288795+00:00" hostname="agent-env-746b6924-2718-4df5-a5a7-9717e2d7f7cb"><testcase classname="backend.tests.test_iteration_15.TestHealthAndBasics" name="test_health_endpoint" time="0.075" /><testcase classname="backend.tests.test_iteration_15.TestHealthAndBasics" name="test_divisions_endpoint" time="0.045" /><testcase classname="backend.tests.test_iteration_15.TestDesignTemplates" name="test_get_design_templates_returns_200" time="0.050" /><testcase classname="backend.tests.test_iteration_15.TestDesignTemplates" name="test_create_design_template" time="0.043" /><testcase classname="backend.tests.test_iteration_15.TestDesignTemplates" name="test_created_template_appears_in_list" time="0.041" /><testcase classname="backend.tests.test_iteration_15.TestDesignTemplates" name="test_delete_design_template" time="0.035" /><testcase classname="backend.tests.test_iteration_15.TestDesignTemplates" name="test_deleted_template_not_in_list" time="0.039" /><testcase classname="backend.tests.test_iteration_15.TestJoinRequestFlow" name="test_get_team_public_info" time="0.036" /><testcase classname="backend.tests.test_iteration_15.TestJoinRequestFlow" name="test_submit_join_request" time="0.673" /><testcase classname="backend.tests.test_iteration_15.TestJoinRequestFlow" name="test_get_team_join_requests" time="0.080" /><testcase classname="backend.tests.test_iteration_15.TestJoinRequestFlow" name="test_approve_join_request" time="0.674" /><testcase classname="backend.tests.test_iteration_15.TestDashboardData" name="test_dashboard_data_returns_teams" time="0.061" /><testcase classname="backend.tests.test_iteration_15.TestDashboardData" name="test_dashboard_data_returns_players" time="0.055" /><testcase classname="backend.tests.test_iteration_15.TestTeamsEndpoints" name="test_get_teams_list" time="0.055" /><testcase classname="backend.tests.test_iteration_15.TestTeamsEndpoints" name="test_teams_have_required_fields" time="0.055" /></testsuite></testsuites>