<?xml version="1.0" encoding="utf-8"?><testsuites name="pytest tests"><testsuite name="pytest" errors="0" failures="0" skipped="0" tests="6" time="1.297" timestamp="2026-02-15T22:14:48.771929+00:00" hostname="agent-env-1b17d93d-96a8-43c7-8a55-2446a048024d"><testcase classname="backend.tests.test_user_preferences.TestDesignTemplatesPublic" name="test_get_public_templates_success" time="0.527" /><testcase classname="backend.tests.test_user_preferences.TestDesignTemplatesPublic" name="test_public_templates_has_expected_count" time="0.135" /><testcase classname="backend.tests.test_user_preferences.TestDesignTemplatesPublic" name="test_templates_have_required_fields" time="0.175" /><testcase classname="backend.tests.test_user_preferences.TestDesignTemplatesPublic" name="test_neon_template_has_visual_properties" time="0.129" /><testcase classname="backend.tests.test_user_preferences.TestTemplateRotation" name="test_get_active_template" time="0.133" /><testcase classname="backend.tests.test_user_preferences.TestDesignTemplatesDebug" name="test_debug_endpoint_returns_template_info" time="0.135" /></testsuite></testsuites>