<?xml version="1.0" encoding="utf-8"?><testsuites name="pytest tests"><testsuite name="pytest" errors="0" failures="0" skipped="0" tests="10" time="1.644" timestamp="2026-02-20T04:53:17.843045+00:00" hostname="agent-env-7ea152df-130e-4263-8f61-6814d92ead33"><testcase classname="backend.tests.test_email_client.TestEmailClientProviders" name="test_get_providers_returns_all_presets" time="0.201" /><testcase classname="backend.tests.test_email_client.TestEmailClientAccountCRUD" name="test_create_email_account_gmail" time="0.126" /><testcase classname="backend.tests.test_email_client.TestEmailClientAccountCRUD" name="test_create_email_account_requires_user_id" time="0.136" /><testcase classname="backend.tests.test_email_client.TestEmailClientAccountCRUD" name="test_create_custom_smtp_account" time="0.148" /><testcase classname="backend.tests.test_email_client.TestEmailClientAccountCRUD" name="test_get_accounts_for_user" time="0.125" /><testcase classname="backend.tests.test_email_client.TestEmailClientAccountCRUD" name="test_update_email_account" time="0.116" /><testcase classname="backend.tests.test_email_client.TestEmailClientAccountCRUD" name="test_update_nonexistent_account_returns_404" time="0.100" /><testcase classname="backend.tests.test_email_client.TestEmailClientAccountCRUD" name="test_delete_email_account" time="0.252" /><testcase classname="backend.tests.test_email_client.TestEmailClientAccountCRUD" name="test_delete_nonexistent_account_returns_404" time="0.108" /><testcase classname="backend.tests.test_email_client.TestEmailClientCleanup" name="test_cleanup_test_accounts" time="0.268" /></testsuite></testsuites>