<?xml version="1.0" encoding="utf-8"?><testsuites name="pytest tests"><testsuite name="pytest" errors="0" failures="0" skipped="0" tests="12" time="2.437" timestamp="2026-02-13T15:47:23.542236+00:00" hostname="agent-env-04051e56-38d9-4313-a22a-b2b25fbe93ca"><testcase classname="backend.tests.test_use_league_storage.TestDocumentsConfigUseLeague" name="test_get_league_config_returns_league_available" time="0.319" /><testcase classname="backend.tests.test_use_league_storage.TestDocumentsConfigUseLeague" name="test_get_team_config_returns_use_league_and_league_available" time="0.199" /><testcase classname="backend.tests.test_use_league_storage.TestDocumentsConfigUseLeague" name="test_get_team_with_use_league_true" time="0.137" /><testcase classname="backend.tests.test_use_league_storage.TestDocumentsConfigUseLeague" name="test_post_config_use_league_true" time="0.293" /><testcase classname="backend.tests.test_use_league_storage.TestDocumentsConfigUseLeague" name="test_post_config_use_league_false_google_drive" time="0.301" /><testcase classname="backend.tests.test_use_league_storage.TestDocumentsConfigUseLeague" name="test_post_config_use_league_false_onedrive" time="0.300" /><testcase classname="backend.tests.test_use_league_storage.TestDocumentsConfigUseLeague" name="test_post_config_without_team_id_returns_400" time="0.121" /><testcase classname="backend.tests.test_use_league_storage.TestDocumentsConfigUseLeague" name="test_post_config_use_league_false_invalid_provider" time="0.167" /><testcase classname="backend.tests.test_use_league_storage.TestDocumentsFilesLeagueFallback" name="test_get_files_with_use_league_true_falls_back" time="0.143" /><testcase classname="backend.tests.test_use_league_storage.TestDocumentsFilesLeagueFallback" name="test_get_files_with_use_league_false" time="0.136" /><testcase classname="backend.tests.test_use_league_storage.TestMediaUploadTeamId" name="test_upload_image_accepts_team_id" time="0.129" /><testcase classname="backend.tests.test_use_league_storage.TestMediaUploadTeamId" name="test_upload_image_without_team_id_still_works" time="0.134" /></testsuite></testsuites>