<?xml version="1.0" encoding="utf-8"?><testsuites name="pytest tests"><testsuite name="pytest" errors="0" failures="0" skipped="0" tests="10" time="2.845" timestamp="2026-02-14T17:15:57.089293+00:00" hostname="agent-env-eaf3cec9-5798-4f02-8413-dfbafe67d09f"><testcase classname="backend.tests.test_media_items.TestMediaItemsAPI" name="test_get_media_items_for_league" time="0.316" /><testcase classname="backend.tests.test_media_items.TestMediaItemsAPI" name="test_get_media_items_for_team_empty" time="0.117" /><testcase classname="backend.tests.test_media_items.TestMediaItemsAPI" name="test_create_video_media_item" time="0.243" /><testcase classname="backend.tests.test_media_items.TestMediaItemsAPI" name="test_create_and_get_video_item_persistence" time="0.355" /><testcase classname="backend.tests.test_media_items.TestMediaItemsAPI" name="test_create_video_for_team" time="0.388" /><testcase classname="backend.tests.test_media_items.TestMediaItemsAPI" name="test_delete_media_item" time="0.400" /><testcase classname="backend.tests.test_media_items.TestMediaItemsAPI" name="test_delete_nonexistent_item_returns_404" time="0.126" /><testcase classname="backend.tests.test_media_items.TestMediaItemsAPI" name="test_upload_photo_media_item" time="0.253" /><testcase classname="backend.tests.test_media_items.TestMediaItemsAPI" name="test_upload_photo_for_team" time="0.416" /><testcase classname="backend.tests.test_media_items.TestMediaItemsAPI" name="test_upload_rejects_non_image" time="0.163" /></testsuite></testsuites>