<?xml version="1.0" encoding="utf-8"?><testsuites name="pytest tests"><testsuite name="pytest" errors="0" failures="0" skipped="0" tests="18" time="3.272" timestamp="2026-02-20T16:29:48.868323+00:00" hostname="agent-env-7ea152df-130e-4263-8f61-6814d92ead33"><testcase classname="backend.tests.test_analytics_visit_tracker.TestAnalyticsTrack" name="test_track_guest_home_visit" time="0.239" /><testcase classname="backend.tests.test_analytics_visit_tracker.TestAnalyticsTrack" name="test_track_logged_in_user_visit" time="0.133" /><testcase classname="backend.tests.test_analytics_visit_tracker.TestAnalyticsTrack" name="test_track_team_page_with_team_info" time="0.148" /><testcase classname="backend.tests.test_analytics_visit_tracker.TestAnalyticsTrack" name="test_track_live_game_visit" time="0.139" /><testcase classname="backend.tests.test_analytics_visit_tracker.TestAnalyticsTrack" name="test_track_standings_page" time="0.135" /><testcase classname="backend.tests.test_analytics_visit_tracker.TestAnalyticsSummary" name="test_summary_default_30_days" time="0.145" /><testcase classname="backend.tests.test_analytics_visit_tracker.TestAnalyticsSummary" name="test_summary_custom_days" time="0.121" /><testcase classname="backend.tests.test_analytics_visit_tracker.TestAnalyticsSummary" name="test_summary_page_structure" time="0.118" /><testcase classname="backend.tests.test_analytics_visit_tracker.TestAnalyticsSummary" name="test_summary_team_page_separation" time="0.105" /><testcase classname="backend.tests.test_analytics_visit_tracker.TestAnalyticsSummary" name="test_summary_role_breakdown" time="0.118" /><testcase classname="backend.tests.test_analytics_visit_tracker.TestAnalyticsTrends" name="test_trends_default_30_days" time="0.110" /><testcase classname="backend.tests.test_analytics_visit_tracker.TestAnalyticsTrends" name="test_trends_with_page_filter" time="0.124" /><testcase classname="backend.tests.test_analytics_visit_tracker.TestAnalyticsTrends" name="test_trends_with_team_id_filter" time="0.155" /><testcase classname="backend.tests.test_analytics_visit_tracker.TestAnalyticsTrends" name="test_trends_daily_structure" time="0.109" /><testcase classname="backend.tests.test_analytics_visit_tracker.TestAnalyticsTrends" name="test_trends_fills_missing_dates" time="0.105" /><testcase classname="backend.tests.test_analytics_visit_tracker.TestAnalyticsTrends" name="test_trends_period_options" time="0.625" /><testcase classname="backend.tests.test_analytics_visit_tracker.TestAnalyticsIntegration" name="test_track_and_verify_in_summary" time="0.267" /><testcase classname="backend.tests.test_analytics_visit_tracker.TestAnalyticsIntegration" name="test_track_team_page_appears_in_summary" time="0.293" /></testsuite></testsuites>