<?xml version="1.0" encoding="utf-8"?><testsuites name="pytest tests"><testsuite name="pytest" errors="15" failures="0" skipped="0" tests="15" time="0.081" timestamp="2026-02-09T23:23:24.886785+00:00" hostname="agent-env-746b6924-2718-4df5-a5a7-9717e2d7f7cb"><testcase classname="backend.tests.test_iteration_15.TestHealthAndBasics" name="test_health_endpoint" time="0.000"><error message="failed on setup with &quot;Failed: ScopeMismatch: You tried to access the function scoped fixture api_client with a module scoped request object. Requesting fixture stack:&#10;backend/tests/test_iteration_15.py:293:  def cleanup_test_data(api_client)&#10;Requested fixture:&#10;backend/tests/test_iteration_15.py:16:  def api_client()&quot;">ScopeMismatch: You tried to access the function scoped fixture api_client with a module scoped request object. Requesting fixture stack:
backend/tests/test_iteration_15.py:293:  def cleanup_test_data(api_client)
Requested fixture:
backend/tests/test_iteration_15.py:16:  def api_client()</error></testcase><testcase classname="backend.tests.test_iteration_15.TestHealthAndBasics" name="test_divisions_endpoint" time="0.000"><error message="failed on setup with &quot;Failed: ScopeMismatch: You tried to access the function scoped fixture api_client with a module scoped request object. Requesting fixture stack:&#10;backend/tests/test_iteration_15.py:293:  def cleanup_test_data(api_client)&#10;Requested fixture:&#10;backend/tests/test_iteration_15.py:16:  def api_client()&quot;">ScopeMismatch: You tried to access the function scoped fixture api_client with a module scoped request object. Requesting fixture stack:
backend/tests/test_iteration_15.py:293:  def cleanup_test_data(api_client)
Requested fixture:
backend/tests/test_iteration_15.py:16:  def api_client()</error></testcase><testcase classname="backend.tests.test_iteration_15.TestDesignTemplates" name="test_get_design_templates_returns_200" time="0.000"><error message="failed on setup with &quot;Failed: ScopeMismatch: You tried to access the function scoped fixture api_client with a module scoped request object. Requesting fixture stack:&#10;backend/tests/test_iteration_15.py:293:  def cleanup_test_data(api_client)&#10;Requested fixture:&#10;backend/tests/test_iteration_15.py:16:  def api_client()&quot;">ScopeMismatch: You tried to access the function scoped fixture api_client with a module scoped request object. Requesting fixture stack:
backend/tests/test_iteration_15.py:293:  def cleanup_test_data(api_client)
Requested fixture:
backend/tests/test_iteration_15.py:16:  def api_client()</error></testcase><testcase classname="backend.tests.test_iteration_15.TestDesignTemplates" name="test_create_design_template" time="0.000"><error message="failed on setup with &quot;Failed: ScopeMismatch: You tried to access the function scoped fixture api_client with a module scoped request object. Requesting fixture stack:&#10;backend/tests/test_iteration_15.py:293:  def cleanup_test_data(api_client)&#10;Requested fixture:&#10;backend/tests/test_iteration_15.py:16:  def api_client()&quot;">ScopeMismatch: You tried to access the function scoped fixture api_client with a module scoped request object. Requesting fixture stack:
backend/tests/test_iteration_15.py:293:  def cleanup_test_data(api_client)
Requested fixture:
backend/tests/test_iteration_15.py:16:  def api_client()</error></testcase><testcase classname="backend.tests.test_iteration_15.TestDesignTemplates" name="test_created_template_appears_in_list" time="0.000"><error message="failed on setup with &quot;Failed: ScopeMismatch: You tried to access the function scoped fixture api_client with a module scoped request object. Requesting fixture stack:&#10;backend/tests/test_iteration_15.py:293:  def cleanup_test_data(api_client)&#10;Requested fixture:&#10;backend/tests/test_iteration_15.py:16:  def api_client()&quot;">ScopeMismatch: You tried to access the function scoped fixture api_client with a module scoped request object. Requesting fixture stack:
backend/tests/test_iteration_15.py:293:  def cleanup_test_data(api_client)
Requested fixture:
backend/tests/test_iteration_15.py:16:  def api_client()</error></testcase><testcase classname="backend.tests.test_iteration_15.TestDesignTemplates" name="test_delete_design_template" time="0.000"><error message="failed on setup with &quot;Failed: ScopeMismatch: You tried to access the function scoped fixture api_client with a module scoped request object. Requesting fixture stack:&#10;backend/tests/test_iteration_15.py:293:  def cleanup_test_data(api_client)&#10;Requested fixture:&#10;backend/tests/test_iteration_15.py:16:  def api_client()&quot;">ScopeMismatch: You tried to access the function scoped fixture api_client with a module scoped request object. Requesting fixture stack:
backend/tests/test_iteration_15.py:293:  def cleanup_test_data(api_client)
Requested fixture:
backend/tests/test_iteration_15.py:16:  def api_client()</error></testcase><testcase classname="backend.tests.test_iteration_15.TestDesignTemplates" name="test_deleted_template_not_in_list" time="0.000"><error message="failed on setup with &quot;Failed: ScopeMismatch: You tried to access the function scoped fixture api_client with a module scoped request object. Requesting fixture stack:&#10;backend/tests/test_iteration_15.py:293:  def cleanup_test_data(api_client)&#10;Requested fixture:&#10;backend/tests/test_iteration_15.py:16:  def api_client()&quot;">ScopeMismatch: You tried to access the function scoped fixture api_client with a module scoped request object. Requesting fixture stack:
backend/tests/test_iteration_15.py:293:  def cleanup_test_data(api_client)
Requested fixture:
backend/tests/test_iteration_15.py:16:  def api_client()</error></testcase><testcase classname="backend.tests.test_iteration_15.TestJoinRequestFlow" name="test_get_team_public_info" time="0.000"><error message="failed on setup with &quot;Failed: ScopeMismatch: You tried to access the function scoped fixture api_client with a module scoped request object. Requesting fixture stack:&#10;backend/tests/test_iteration_15.py:293:  def cleanup_test_data(api_client)&#10;Requested fixture:&#10;backend/tests/test_iteration_15.py:16:  def api_client()&quot;">ScopeMismatch: You tried to access the function scoped fixture api_client with a module scoped request object. Requesting fixture stack:
backend/tests/test_iteration_15.py:293:  def cleanup_test_data(api_client)
Requested fixture:
backend/tests/test_iteration_15.py:16:  def api_client()</error></testcase><testcase classname="backend.tests.test_iteration_15.TestJoinRequestFlow" name="test_submit_join_request" time="0.000"><error message="failed on setup with &quot;Failed: ScopeMismatch: You tried to access the function scoped fixture api_client with a module scoped request object. Requesting fixture stack:&#10;backend/tests/test_iteration_15.py:293:  def cleanup_test_data(api_client)&#10;Requested fixture:&#10;backend/tests/test_iteration_15.py:16:  def api_client()&quot;">ScopeMismatch: You tried to access the function scoped fixture api_client with a module scoped request object. Requesting fixture stack:
backend/tests/test_iteration_15.py:293:  def cleanup_test_data(api_client)
Requested fixture:
backend/tests/test_iteration_15.py:16:  def api_client()</error></testcase><testcase classname="backend.tests.test_iteration_15.TestJoinRequestFlow" name="test_get_team_join_requests" time="0.000"><error message="failed on setup with &quot;Failed: ScopeMismatch: You tried to access the function scoped fixture api_client with a module scoped request object. Requesting fixture stack:&#10;backend/tests/test_iteration_15.py:293:  def cleanup_test_data(api_client)&#10;Requested fixture:&#10;backend/tests/test_iteration_15.py:16:  def api_client()&quot;">ScopeMismatch: You tried to access the function scoped fixture api_client with a module scoped request object. Requesting fixture stack:
backend/tests/test_iteration_15.py:293:  def cleanup_test_data(api_client)
Requested fixture:
backend/tests/test_iteration_15.py:16:  def api_client()</error></testcase><testcase classname="backend.tests.test_iteration_15.TestJoinRequestFlow" name="test_approve_join_request" time="0.000"><error message="failed on setup with &quot;Failed: ScopeMismatch: You tried to access the function scoped fixture api_client with a module scoped request object. Requesting fixture stack:&#10;backend/tests/test_iteration_15.py:293:  def cleanup_test_data(api_client)&#10;Requested fixture:&#10;backend/tests/test_iteration_15.py:16:  def api_client()&quot;">ScopeMismatch: You tried to access the function scoped fixture api_client with a module scoped request object. Requesting fixture stack:
backend/tests/test_iteration_15.py:293:  def cleanup_test_data(api_client)
Requested fixture:
backend/tests/test_iteration_15.py:16:  def api_client()</error></testcase><testcase classname="backend.tests.test_iteration_15.TestDashboardData" name="test_dashboard_data_returns_teams" time="0.000"><error message="failed on setup with &quot;Failed: ScopeMismatch: You tried to access the function scoped fixture api_client with a module scoped request object. Requesting fixture stack:&#10;backend/tests/test_iteration_15.py:293:  def cleanup_test_data(api_client)&#10;Requested fixture:&#10;backend/tests/test_iteration_15.py:16:  def api_client()&quot;">ScopeMismatch: You tried to access the function scoped fixture api_client with a module scoped request object. Requesting fixture stack:
backend/tests/test_iteration_15.py:293:  def cleanup_test_data(api_client)
Requested fixture:
backend/tests/test_iteration_15.py:16:  def api_client()</error></testcase><testcase classname="backend.tests.test_iteration_15.TestDashboardData" name="test_dashboard_data_returns_players" time="0.000"><error message="failed on setup with &quot;Failed: ScopeMismatch: You tried to access the function scoped fixture api_client with a module scoped request object. Requesting fixture stack:&#10;backend/tests/test_iteration_15.py:293:  def cleanup_test_data(api_client)&#10;Requested fixture:&#10;backend/tests/test_iteration_15.py:16:  def api_client()&quot;">ScopeMismatch: You tried to access the function scoped fixture api_client with a module scoped request object. Requesting fixture stack:
backend/tests/test_iteration_15.py:293:  def cleanup_test_data(api_client)
Requested fixture:
backend/tests/test_iteration_15.py:16:  def api_client()</error></testcase><testcase classname="backend.tests.test_iteration_15.TestTeamsEndpoints" name="test_get_teams_list" time="0.000"><error message="failed on setup with &quot;Failed: ScopeMismatch: You tried to access the function scoped fixture api_client with a module scoped request object. Requesting fixture stack:&#10;backend/tests/test_iteration_15.py:293:  def cleanup_test_data(api_client)&#10;Requested fixture:&#10;backend/tests/test_iteration_15.py:16:  def api_client()&quot;">ScopeMismatch: You tried to access the function scoped fixture api_client with a module scoped request object. Requesting fixture stack:
backend/tests/test_iteration_15.py:293:  def cleanup_test_data(api_client)
Requested fixture:
backend/tests/test_iteration_15.py:16:  def api_client()</error></testcase><testcase classname="backend.tests.test_iteration_15.TestTeamsEndpoints" name="test_teams_have_required_fields" time="0.000"><error message="failed on setup with &quot;Failed: ScopeMismatch: You tried to access the function scoped fixture api_client with a module scoped request object. Requesting fixture stack:&#10;backend/tests/test_iteration_15.py:293:  def cleanup_test_data(api_client)&#10;Requested fixture:&#10;backend/tests/test_iteration_15.py:16:  def api_client()&quot;">ScopeMismatch: You tried to access the function scoped fixture api_client with a module scoped request object. Requesting fixture stack:
backend/tests/test_iteration_15.py:293:  def cleanup_test_data(api_client)
Requested fixture:
backend/tests/test_iteration_15.py:16:  def api_client()</error></testcase></testsuite></testsuites>