<?xml version="1.0" encoding="utf-8"?><testsuites name="pytest tests"><testsuite name="pytest" errors="0" failures="0" skipped="0" tests="7" time="1.521" timestamp="2026-02-13T21:45:36.473720+00:00" hostname="agent-env-4612c99e-d9f3-4316-80cd-a66293388e5b"><testcase classname="backend.tests.test_news_bugfix.TestNewsItemsAPI" name="test_health_check" time="0.193" /><testcase classname="backend.tests.test_news_bugfix.TestNewsItemsAPI" name="test_get_news_items" time="0.150" /><testcase classname="backend.tests.test_news_bugfix.TestNewsItemsAPI" name="test_post_news_items_bug_fix" time="0.285" /><testcase classname="backend.tests.test_news_bugfix.TestNewsItemsAPI" name="test_delete_news_item" time="0.246" /><testcase classname="backend.tests.test_news_bugfix.TestLeagueDataAPI" name="test_get_league_data" time="0.280" /><testcase classname="backend.tests.test_news_bugfix.TestLeagueDataAPI" name="test_get_dashboard_data" time="0.186" /><testcase classname="backend.tests.test_news_bugfix.TestPWAManifest" name="test_pwa_manifest_endpoint" time="0.117" /></testsuite></testsuites>