<?xml version="1.0" encoding="utf-8"?><testsuites name="pytest tests"><testsuite name="pytest" errors="0" failures="0" skipped="0" tests="8" time="1.215" timestamp="2026-02-14T03:51:49.515182+00:00" hostname="agent-env-9835579c-ddce-423f-86fa-9d470506e3ab"><testcase classname="backend.tests.test_league_data_endpoints.TestLeagueDataEndpoints" name="test_health_check" time="0.222" /><testcase classname="backend.tests.test_league_data_endpoints.TestLeagueDataEndpoints" name="test_post_teams_endpoint" time="0.128" /><testcase classname="backend.tests.test_league_data_endpoints.TestLeagueDataEndpoints" name="test_post_players_endpoint" time="0.171" /><testcase classname="backend.tests.test_league_data_endpoints.TestLeagueDataEndpoints" name="test_post_seasons_endpoint" time="0.121" /><testcase classname="backend.tests.test_league_data_endpoints.TestLeagueDataEndpoints" name="test_post_leagueSchedule_endpoint" time="0.112" /><testcase classname="backend.tests.test_league_data_endpoints.TestLeagueDataEndpoints" name="test_post_liveViewSettings_endpoint" time="0.169" /><testcase classname="backend.tests.test_league_data_endpoints.TestLeagueDataEndpoints" name="test_get_league_data_endpoint" time="0.110" /><testcase classname="backend.tests.test_league_data_endpoints.TestDashboardDataEndpoint" name="test_dashboard_data" time="0.117" /></testsuite></testsuites>