<?xml version="1.0" encoding="utf-8"?><testsuites name="pytest tests"><testsuite name="pytest" errors="0" failures="0" skipped="0" tests="19" time="1.350" timestamp="2026-01-10T08:06:37.367798+00:00" hostname="agent-env-8373e586-2050-4c43-81aa-1abb3fc7cc01"><testcase classname="tests.test_auth_and_finance.TestHealthAndBasicEndpoints" name="test_api_root" time="0.064" /><testcase classname="tests.test_auth_and_finance.TestHealthAndBasicEndpoints" name="test_dashboard_data" time="0.059" /><testcase classname="tests.test_auth_and_finance.TestHealthAndBasicEndpoints" name="test_league_data" time="0.044" /><testcase classname="tests.test_auth_and_finance.TestUserAuthentication" name="test_login_success" time="0.036" /><testcase classname="tests.test_auth_and_finance.TestUserAuthentication" name="test_login_invalid_credentials" time="0.043" /><testcase classname="tests.test_auth_and_finance.TestUserAuthentication" name="test_login_missing_fields" time="0.036" /><testcase classname="tests.test_auth_and_finance.TestUserAuthentication" name="test_get_users" time="0.035" /><testcase classname="tests.test_auth_and_finance.TestFinanceEndpoints" name="test_get_finance_categories" time="0.038" /><testcase classname="tests.test_auth_and_finance.TestFinanceEndpoints" name="test_get_team_transactions" time="0.079" /><testcase classname="tests.test_auth_and_finance.TestFinanceEndpoints" name="test_create_transaction" time="0.129" /><testcase classname="tests.test_auth_and_finance.TestFinanceEndpoints" name="test_transaction_validation" time="0.076" /><testcase classname="tests.test_auth_and_finance.TestFinanceEndpoints" name="test_get_team_finance_summary" time="0.132" /><testcase classname="tests.test_auth_and_finance.TestFinanceEndpoints" name="test_get_league_finance_summary" time="0.036" /><testcase classname="tests.test_auth_and_finance.TestTeamEndpoints" name="test_get_teams" time="0.053" /><testcase classname="tests.test_auth_and_finance.TestTeamEndpoints" name="test_get_team_players" time="0.086" /><testcase classname="tests.test_auth_and_finance.TestUserDefaultLandingPage" name="test_set_default_landing_page" time="0.120" /><testcase classname="tests.test_auth_and_finance.TestLocationsEndpoints" name="test_get_locations" time="0.039" /><testcase classname="tests.test_auth_and_finance.TestLocationsEndpoints" name="test_get_team_locations" time="0.124" /><testcase classname="tests.test_auth_and_finance.TestUnifiedEventsEndpoints" name="test_get_unified_events" time="0.041" /></testsuite></testsuites>