<?xml version="1.0" encoding="utf-8"?><testsuites name="pytest tests"><testsuite name="pytest" errors="0" failures="0" skipped="0" tests="17" time="0.951" timestamp="2026-01-24T05:08:37.489433+00:00" hostname="agent-env-1a816323-dba3-405a-a047-873e494ba537"><testcase classname="backend.tests.test_stats_standings.TestDashboardData" name="test_dashboard_data_returns_teams" time="0.106" /><testcase classname="backend.tests.test_stats_standings.TestDashboardData" name="test_dashboard_data_team_stats_fields" time="0.060" /><testcase classname="backend.tests.test_stats_standings.TestDashboardData" name="test_dashboard_data_eagles_stats" time="0.061" /><testcase classname="backend.tests.test_stats_standings.TestDashboardData" name="test_dashboard_data_hawks_stats" time="0.050" /><testcase classname="backend.tests.test_stats_standings.TestDashboardData" name="test_dashboard_data_player_stats_fields" time="0.053" /><testcase classname="backend.tests.test_stats_standings.TestLeagueStandings" name="test_league_standings_returns_data" time="0.041" /><testcase classname="backend.tests.test_stats_standings.TestLeagueStandings" name="test_league_standings_team_fields" time="0.038" /><testcase classname="backend.tests.test_stats_standings.TestLeagueStandings" name="test_league_standings_sorted_by_points" time="0.081" /><testcase classname="backend.tests.test_stats_standings.TestLeagueStandings" name="test_league_standings_division_filter" time="0.045" /><testcase classname="backend.tests.test_stats_standings.TestLeagueStandingsByDivision" name="test_standings_by_division_returns_data" time="0.041" /><testcase classname="backend.tests.test_stats_standings.TestLeagueStandingsByDivision" name="test_standings_by_division_structure" time="0.041" /><testcase classname="backend.tests.test_stats_standings.TestLeagueStandingsByDivision" name="test_standings_premier_division_correct" time="0.044" /><testcase classname="backend.tests.test_stats_standings.TestAdminEndpoints" name="test_recalculate_stats_endpoint" time="0.042" /><testcase classname="backend.tests.test_stats_standings.TestAdminEndpoints" name="test_admin_update_team_endpoint" time="0.038" /><testcase classname="backend.tests.test_stats_standings.TestAdminEndpoints" name="test_admin_update_team_not_found" time="0.044" /><testcase classname="backend.tests.test_stats_standings.TestDivisionsEndpoint" name="test_get_league_divisions" time="0.036" /><testcase classname="backend.tests.test_stats_standings.TestDivisionTeams" name="test_get_division_teams" time="0.037" /></testsuite></testsuites>