<?xml version="1.0" encoding="utf-8"?><testsuites name="pytest tests"><testsuite name="pytest" errors="0" failures="0" skipped="0" tests="13" time="2.487" timestamp="2026-02-25T16:16:49.412196+00:00" hostname="agent-env-31a1c994-2a80-4110-b38d-1c98c2679128"><testcase classname="backend.tests.test_live_events_features.TestLiveEventsFeatures" name="test_team_game_log_endpoint_exists" time="0.172" /><testcase classname="backend.tests.test_live_events_features.TestLiveEventsFeatures" name="test_team_game_log_returns_game_data" time="0.144" /><testcase classname="backend.tests.test_live_events_features.TestLiveEventsFeatures" name="test_team_game_log_empty_team" time="0.228" /><testcase classname="backend.tests.test_live_events_features.TestLiveEventsFeatures" name="test_unified_events_endpoint" time="0.275" /><testcase classname="backend.tests.test_live_events_features.TestLiveEventsFeatures" name="test_live_events_exist" time="0.191" /><testcase classname="backend.tests.test_live_events_features.TestLiveEventsFeatures" name="test_completed_events_exist" time="0.172" /><testcase classname="backend.tests.test_live_events_features.TestLiveEventsFeatures" name="test_event_game_stats_endpoint" time="0.310" /><testcase classname="backend.tests.test_live_events_features.TestLiveEventsFeatures" name="test_dashboard_data_includes_events" time="0.218" /><testcase classname="backend.tests.test_live_events_features.TestLiveEventsFeatures" name="test_teams_endpoint" time="0.185" /><testcase classname="backend.tests.test_live_events_features.TestLiveEventsFeatures" name="test_seasons_endpoint" time="0.112" /><testcase classname="backend.tests.test_live_events_features.TestLiveEventsFeatures" name="test_team_season_stats" time="0.161" /><testcase classname="backend.tests.test_live_events_features.TestLiveEventsFeatures" name="test_team_player_stats" time="0.125" /><testcase classname="backend.tests.test_live_events_features.TestPointsCalculation" name="test_game_log_player_stats_structure" time="0.128" /></testsuite></testsuites>