<?xml version="1.0" encoding="utf-8"?><testsuites name="pytest tests"><testsuite name="pytest" errors="0" failures="0" skipped="0" tests="16" time="3.758" timestamp="2026-02-13T14:25:56.630477+00:00" hostname="agent-env-04051e56-38d9-4313-a22a-b2b25fbe93ca"><testcase classname="backend.tests.test_email_module.TestEmailRecipients" name="test_get_all_recipients" time="0.223" /><testcase classname="backend.tests.test_email_module.TestEmailRecipients" name="test_get_recipients_filtered_by_team" time="0.130" /><testcase classname="backend.tests.test_email_module.TestEmailRecipients" name="test_get_recipients_invalid_team_returns_empty" time="0.181" /><testcase classname="backend.tests.test_email_module.TestEmailHistory" name="test_get_email_history" time="0.122" /><testcase classname="backend.tests.test_email_module.TestEmailHistory" name="test_get_email_history_by_team" time="0.131" /><testcase classname="backend.tests.test_email_module.TestEmailHistory" name="test_get_email_history_with_limit" time="0.193" /><testcase classname="backend.tests.test_email_module.TestTeamSMTPConfig" name="test_get_team_smtp_config_unconfigured" time="0.125" /><testcase classname="backend.tests.test_email_module.TestTeamSMTPConfig" name="test_get_team_smtp_config_different_teams" time="0.617" /><testcase classname="backend.tests.test_email_module.TestTeamSMTPConfig" name="test_post_team_smtp_config_saves" time="0.284" /><testcase classname="backend.tests.test_email_module.TestTeamSMTPConfig" name="test_post_team_smtp_config_validation_error" time="0.140" /><testcase classname="backend.tests.test_email_module.TestLeagueSMTPConfig" name="test_get_league_smtp_status" time="0.144" /><testcase classname="backend.tests.test_email_module.TestEmailCompose" name="test_compose_email_validation_no_recipients" time="0.115" /><testcase classname="backend.tests.test_email_module.TestEmailCompose" name="test_compose_email_validation_no_subject" time="0.183" /><testcase classname="backend.tests.test_email_module.TestEmailCompose" name="test_compose_email_validation_no_body" time="0.118" /><testcase classname="backend.tests.test_email_module.TestEmailCompose" name="test_compose_email_attempts_send" time="0.841" /><testcase classname="backend.tests.test_email_module.TestCleanup" name="test_cleanup_team_smtp_config" time="0.138" /></testsuite></testsuites>