<?xml version="1.0" encoding="utf-8"?><testsuites name="pytest tests"><testsuite name="pytest" errors="0" failures="0" skipped="0" tests="7" time="2.185" timestamp="2026-02-24T06:33:46.531173+00:00" hostname="agent-env-6793b086-dd33-4aef-9b97-b23b8c0652d7"><testcase classname="backend.tests.test_roster_news_fixes.TestHealthCheck" name="test_health_check" time="0.152" /><testcase classname="backend.tests.test_roster_news_fixes.TestCreatePlayerEndpoint" name="test_create_player_requires_name" time="0.263" /><testcase classname="backend.tests.test_roster_news_fixes.TestCreatePlayerEndpoint" name="test_create_player_success" time="0.524" /><testcase classname="backend.tests.test_roster_news_fixes.TestCreatePlayerEndpoint" name="test_create_player_with_minimal_data" time="0.388" /><testcase classname="backend.tests.test_roster_news_fixes.TestCreatePlayerEndpoint" name="test_create_player_duplicate_email_rejected" time="0.469" /><testcase classname="backend.tests.test_roster_news_fixes.TestTeamPlayersEndpoint" name="test_get_team_players" time="0.230" /><testcase classname="backend.tests.test_roster_news_fixes.TestNewsEndpoint" name="test_get_league_news" time="0.098" /></testsuite></testsuites>